2018/11/01 19:19:25 [Log:] =============================Game Server Start ....==============================
2018/11/01 19:19:25 [Log:] system ok
2018/11/01 19:19:25 [Log:] protocol buffer ok
2018/11/01 19:19:25 [Log:] csv ok
2018/11/01 19:19:25 [Log:] ------------------start reload all---------------------------
2018/11/01 19:20:50 [Log:] =============================Game Server Start ....==============================
2018/11/01 19:20:50 [Log:] system ok
2018/11/01 19:20:50 [Log:] protocol buffer ok
2018/11/01 19:20:51 [Log:] csv ok
2018/11/01 19:21:39 [Log:] ------------------start reload all---------------------------
2018/11/01 19:22:35 [Log:] =============================Game Server Start ....==============================
2018/11/01 19:22:35 [Log:] system ok
2018/11/01 19:22:35 [Log:] protocol buffer ok
2018/11/01 19:22:35 [Log:] csv ok
2018/11/01 19:22:35 [Log:] ------------------start reload all---------------------------
2018/11/01 19:22:58 [Log:] =============================Game Server Start ....==============================
2018/11/01 19:22:58 [Log:] system ok
2018/11/01 19:22:58 [Log:] protocol buffer ok
2018/11/01 19:22:59 [Log:] csv ok
2018/11/01 19:22:59 [Log:] ------------------start reload all---------------------------
2018/11/01 19:22:59 [Log:] --------------StartGamesServers  End--------------------------
2018/11/01 19:25:11 [Log:] =============================Game Server Start ....==============================
2018/11/01 19:25:11 [Log:] system ok
2018/11/01 19:25:11 [Log:] protocol buffer ok
2018/11/01 19:25:11 [Log:] csv ok
2018/11/01 19:25:11 [Log:] ------------------start reload all---------------------------
2018/11/01 19:27:41 [Log:] =============================Game Server Start ....==============================
2018/11/01 19:27:41 [Log:] system ok
2018/11/01 19:27:41 [Log:] protocol buffer ok
2018/11/01 19:27:41 [Log:] csv ok
2018/11/01 19:29:16 [Log:] =============================Game Server Start ....==============================
2018/11/01 19:29:16 [Log:] system ok
2018/11/01 19:29:16 [Log:] protocol buffer ok
2018/11/01 19:29:17 [Log:] csv ok
2018/11/01 19:29:17 [Log:] CreateTable error , gameType
2018/11/01 19:29:17 [Log:] CreateTable error , gameType
2018/11/01 19:29:17 [Log:] --------------StartGamesServers  End--------------------------
2018/11/01 19:33:03 [Log:] =============================Game Server Start ....==============================
2018/11/01 19:33:03 [Log:] system ok
2018/11/01 19:33:03 [Log:] protocol buffer ok
2018/11/01 19:33:03 [Log:] csv ok
2018/11/01 19:33:03 [Log:] --------------AddGame--------------------------
2018/11/01 19:33:03 [Log:] CreateTable error , gameType
