2018/11/30 18:51:08 [Log:] ------------------start reload all---------------------------
2018/11/30 18:53:00 [Log:] ========Game Server Start ....========
2018/11/30 18:53:01 [Log:] --------------StartGamesServers  End--------------------------
2018/11/30 18:53:01 [Log:] ------------------start reload all---------------------------
2018/11/30 18:54:19 [Log:] ========Game Server Start ....========
2018/11/30 18:54:20 [Log:] --------------StartGamesServers  End--------------------------
2018/11/30 18:54:20 [Log:] ------------------start reload all---------------------------
2018/11/30 18:54:30 [Log:] ------------------start reload all---------------------------
2018/11/30 18:54:40 [Log:] ------------------start reload all---------------------------
2018/11/30 18:54:50 [Log:] ------------------start reload all---------------------------
2018/11/30 18:55:00 [Log:] ------------------start reload all---------------------------
2018/11/30 18:55:10 [Log:] ------------------start reload all---------------------------
2018/11/30 18:55:20 [Log:] ------------------start reload all---------------------------
2018/11/30 18:55:30 [Log:] ------------------start reload all---------------------------
2018/11/30 18:55:40 [Log:] ------------------start reload all---------------------------
2018/11/30 18:55:50 [Log:] ------------------start reload all---------------------------
2018/11/30 18:56:00 [Log:] ------------------start reload all---------------------------
2018/11/30 18:56:11 [Log:] ------------------start reload all---------------------------
2018/11/30 18:56:20 [Log:] ------------------start reload all---------------------------
2018/11/30 18:56:30 [Log:] ------------------start reload all---------------------------
2018/11/30 18:56:40 [Log:] ------------------start reload all---------------------------
2018/11/30 18:56:50 [Log:] ------------------start reload all---------------------------
2018/11/30 18:57:00 [Log:] ------------------start reload all---------------------------
2018/11/30 18:57:10 [Log:] ------------------start reload all---------------------------
2018/11/30 18:57:20 [Log:] ------------------start reload all---------------------------
2018/11/30 18:57:32 [Log:] ------------------start reload all---------------------------
2018/11/30 18:57:40 [Log:] ------------------start reload all---------------------------
2018/11/30 18:57:50 [Log:] ------------------start reload all---------------------------
2018/11/30 18:58:00 [Log:] ------------------start reload all---------------------------
2018/11/30 18:58:10 [Log:] ------------------start reload all---------------------------
2018/11/30 18:58:22 [Log:] ------------------start reload all---------------------------
2018/11/30 18:58:31 [Log:] ------------------start reload all---------------------------
2018/11/30 18:58:42 [Log:] ------------------start reload all---------------------------
2018/11/30 18:58:50 [Log:] ------------------start reload all---------------------------
2018/11/30 18:59:00 [Log:] ------------------start reload all---------------------------
2018/11/30 18:59:10 [Log:] ------------------start reload all---------------------------
2018/11/30 18:59:21 [Log:] ------------------start reload all---------------------------
2018/11/30 18:59:30 [Log:] ------------------start reload all---------------------------
2018/11/30 18:59:40 [Log:] ------------------start reload all---------------------------
2018/11/30 18:59:50 [Log:] ------------------start reload all---------------------------
2018/11/30 19:00:01 [Log:] ------------------start reload all---------------------------
2018/11/30 19:00:10 [Log:] ------------------start reload all---------------------------
2018/11/30 19:00:20 [Log:] ------------------start reload all---------------------------
2018/11/30 19:00:30 [Log:] ------------------start reload all---------------------------
2018/11/30 19:00:40 [Log:] ------------------start reload all---------------------------
2018/11/30 19:00:50 [Log:] ------------------start reload all---------------------------
2018/11/30 19:01:01 [Log:] ------------------start reload all---------------------------
2018/11/30 19:01:10 [Log:] ------------------start reload all---------------------------
2018/11/30 19:01:20 [Log:] ------------------start reload all---------------------------
2018/11/30 19:01:30 [Log:] ------------------start reload all---------------------------
2018/11/30 19:01:40 [Log:] ------------------start reload all---------------------------
2018/11/30 19:01:50 [Log:] ------------------start reload all---------------------------
2018/11/30 19:02:00 [Log:] ------------------start reload all---------------------------
2018/11/30 19:02:10 [Log:] ------------------start reload all---------------------------
2018/11/30 19:02:23 [Log:] ------------------start reload all---------------------------
2018/11/30 19:02:30 [Log:] ------------------start reload all---------------------------
2018/11/30 19:02:40 [Log:] ------------------start reload all---------------------------
2018/11/30 19:11:42 [Log:] ========Game Server Start ....========
2018/11/30 19:11:42 [Log:] --------------StartGamesServers  End--------------------------
2018/11/30 19:11:42 [Log:] ------------------start reload all---------------------------
2018/11/30 19:11:52 [Log:] ------------------start reload all---------------------------
2018/11/30 19:12:02 [Log:] ------------------start reload all---------------------------
2018/11/30 19:12:12 [Log:] ------------------start reload all---------------------------
2018/11/30 19:12:22 [Log:] ------------------start reload all---------------------------
2018/11/30 19:12:32 [Log:] ------------------start reload all---------------------------
2018/11/30 19:12:42 [Log:] ------------------start reload all---------------------------
2018/11/30 19:12:52 [Log:] ------------------start reload all---------------------------
2018/11/30 19:13:02 [Log:] ------------------start reload all---------------------------
2018/11/30 19:13:12 [Log:] ------------------start reload all---------------------------
2018/11/30 19:13:22 [Log:] ------------------start reload all---------------------------
2018/11/30 19:13:32 [Log:] ------------------start reload all---------------------------
2018/11/30 19:13:42 [Log:] ------------------start reload all---------------------------
2018/11/30 19:13:52 [Log:] ------------------start reload all---------------------------
2018/11/30 19:14:02 [Log:] ------------------start reload all---------------------------
2018/11/30 19:14:12 [Log:] ------------------start reload all---------------------------
2018/11/30 19:14:22 [Log:] ------------------start reload all---------------------------
2018/11/30 19:14:32 [Log:] ------------------start reload all---------------------------
2018/11/30 19:14:42 [Log:] ------------------start reload all---------------------------
2018/11/30 19:14:52 [Log:] ------------------start reload all---------------------------
2018/11/30 19:15:02 [Log:] ------------------start reload all---------------------------
2018/11/30 19:15:12 [Log:] ------------------start reload all---------------------------
2018/11/30 19:15:22 [Log:] ------------------start reload all---------------------------
2018/11/30 19:15:32 [Log:] ------------------start reload all---------------------------
2018/11/30 19:15:42 [Log:] ------------------start reload all---------------------------
2018/11/30 19:15:52 [Log:] ------------------start reload all---------------------------
2018/11/30 19:16:02 [Log:] ------------------start reload all---------------------------
2018/11/30 19:16:12 [Log:] ------------------start reload all---------------------------
2018/11/30 19:16:22 [Log:] ------------------start reload all---------------------------
2018/11/30 19:16:32 [Log:] ------------------start reload all---------------------------
2018/11/30 19:16:42 [Log:] ------------------start reload all---------------------------
2018/11/30 19:16:52 [Log:] ------------------start reload all---------------------------
2018/11/30 19:17:02 [Log:] ------------------start reload all---------------------------
2018/11/30 19:17:12 [Log:] ------------------start reload all---------------------------
2018/11/30 19:17:22 [Log:] ------------------start reload all---------------------------
2018/11/30 19:17:32 [Log:] ------------------start reload all---------------------------
2018/11/30 19:17:42 [Log:] ------------------start reload all---------------------------
2018/11/30 19:17:52 [Log:] ------------------start reload all---------------------------
2018/11/30 19:18:02 [Log:] ------------------start reload all---------------------------
2018/11/30 19:18:12 [Log:] ------------------start reload all---------------------------
2018/11/30 19:18:22 [Log:] ------------------start reload all---------------------------
2018/11/30 19:18:32 [Log:] ------------------start reload all---------------------------
2018/11/30 19:18:51 [Log:] ========Game Server Start ....========
2018/11/30 19:18:51 [Log:] --------------StartGamesServers  End--------------------------
2018/11/30 19:18:51 [Log:] ------------------start reload all---------------------------
2018/11/30 19:19:01 [Log:] ------------------start reload all---------------------------
2018/11/30 19:21:57 [Log:] ========Game Server Start ....========
2018/11/30 19:21:57 [Log:] --------------StartGamesServers  End--------------------------
2018/11/30 19:21:57 [Log:] ------------------start reload all---------------------------
2018/11/30 19:22:07 [Log:] ------------------start reload all---------------------------
2018/11/30 19:22:17 [Log:] ------------------start reload all---------------------------
2018/11/30 19:22:27 [Log:] ------------------start reload all---------------------------
2018/11/30 19:22:37 [Log:] ------------------start reload all---------------------------
2018/11/30 19:22:47 [Log:] ------------------start reload all---------------------------
2018/11/30 19:22:57 [Log:] ------------------start reload all---------------------------
2018/11/30 19:23:07 [Log:] ------------------start reload all---------------------------
2018/11/30 19:23:17 [Log:] ------------------start reload all---------------------------
2018/11/30 19:23:27 [Log:] ------------------start reload all---------------------------
2018/11/30 19:23:37 [Log:] ------------------start reload all---------------------------
2018/11/30 19:23:47 [Log:] ------------------start reload all---------------------------
2018/11/30 19:23:57 [Log:] ------------------start reload all---------------------------
2018/11/30 19:24:07 [Log:] ------------------start reload all---------------------------
2018/11/30 19:24:17 [Log:] ------------------start reload all---------------------------
2018/11/30 19:24:27 [Log:] ------------------start reload all---------------------------
2018/11/30 19:24:37 [Log:] ------------------start reload all---------------------------
2018/11/30 19:24:47 [Log:] ------------------start reload all---------------------------
2018/11/30 19:24:57 [Log:] ------------------start reload all---------------------------
2018/11/30 19:25:07 [Log:] ------------------start reload all---------------------------
2018/11/30 19:25:17 [Log:] ------------------start reload all---------------------------
2018/11/30 19:25:27 [Log:] ------------------start reload all---------------------------
2018/11/30 19:25:37 [Log:] ------------------start reload all---------------------------
2018/11/30 19:25:47 [Log:] ------------------start reload all---------------------------
2018/11/30 19:25:57 [Log:] ------------------start reload all---------------------------
2018/11/30 19:26:07 [Log:] ------------------start reload all---------------------------
2018/11/30 19:26:17 [Log:] ------------------start reload all---------------------------
2018/11/30 19:26:27 [Log:] ------------------start reload all---------------------------
2018/11/30 19:26:37 [Log:] ------------------start reload all---------------------------
2018/11/30 19:26:47 [Log:] ------------------start reload all---------------------------
2018/11/30 19:26:57 [Log:] ------------------start reload all---------------------------
2018/11/30 19:27:07 [Log:] ------------------start reload all---------------------------
2018/11/30 19:27:17 [Log:] ------------------start reload all---------------------------
2018/11/30 19:27:27 [Log:] ------------------start reload all---------------------------
2018/11/30 19:27:37 [Log:] ------------------start reload all---------------------------
2018/11/30 19:27:47 [Log:] ------------------start reload all---------------------------
2018/11/30 19:27:57 [Log:] ------------------start reload all---------------------------
2018/11/30 19:28:07 [Log:] ------------------start reload all---------------------------
2018/11/30 19:28:17 [Log:] ------------------start reload all---------------------------
2018/11/30 19:28:27 [Log:] ------------------start reload all---------------------------
2018/11/30 19:28:37 [Log:] ------------------start reload all---------------------------
2018/11/30 19:28:47 [Log:] ------------------start reload all---------------------------
2018/11/30 19:28:57 [Log:] ------------------start reload all---------------------------
2018/11/30 19:29:07 [Log:] ------------------start reload all---------------------------
2018/11/30 19:29:17 [Log:] ------------------start reload all---------------------------
2018/11/30 19:29:27 [Log:] ------------------start reload all---------------------------
2018/11/30 19:30:18 [Log:] ========Game Server Start ....========
2018/11/30 19:30:19 [Log:] --------------StartGamesServers  End--------------------------
2018/11/30 19:30:19 [Log:] ------------------start reload all---------------------------
2018/11/30 19:30:29 [Log:] ------------------start reload all---------------------------
2018/11/30 19:30:39 [Log:] ------------------start reload all---------------------------
2018/11/30 19:30:49 [Log:] ------------------start reload all---------------------------
2018/11/30 19:30:59 [Log:] ------------------start reload all---------------------------
2018/11/30 19:31:09 [Log:] ------------------start reload all---------------------------
2018/11/30 19:31:19 [Log:] ------------------start reload all---------------------------
2018/11/30 19:31:29 [Log:] ------------------start reload all---------------------------
2018/11/30 19:31:39 [Log:] ------------------start reload all---------------------------
2018/11/30 19:31:49 [Log:] ------------------start reload all---------------------------
2018/11/30 19:31:59 [Log:] ------------------start reload all---------------------------
2018/11/30 19:32:09 [Log:] ------------------start reload all---------------------------
2018/11/30 19:32:19 [Log:] ------------------start reload all---------------------------
2018/11/30 19:32:29 [Log:] ------------------start reload all---------------------------
2018/11/30 19:32:39 [Log:] ------------------start reload all---------------------------
2018/11/30 19:32:49 [Log:] ------------------start reload all---------------------------
2018/11/30 19:32:59 [Log:] ------------------start reload all---------------------------
2018/11/30 19:33:09 [Log:] ------------------start reload all---------------------------
2018/11/30 19:33:19 [Log:] ------------------start reload all---------------------------
2018/11/30 19:33:29 [Log:] ------------------start reload all---------------------------
2018/11/30 19:33:39 [Log:] ------------------start reload all---------------------------
2018/11/30 19:33:49 [Log:] ------------------start reload all---------------------------
2018/11/30 19:33:59 [Log:] ------------------start reload all---------------------------
2018/11/30 19:34:09 [Log:] ------------------start reload all---------------------------
2018/11/30 19:34:19 [Log:] ------------------start reload all---------------------------
2018/11/30 19:34:29 [Log:] ------------------start reload all---------------------------
2018/11/30 19:34:39 [Log:] ------------------start reload all---------------------------
2018/11/30 19:34:49 [Log:] ------------------start reload all---------------------------
2018/11/30 19:34:59 [Log:] ------------------start reload all---------------------------
2018/11/30 19:35:09 [Log:] ------------------start reload all---------------------------
2018/11/30 19:35:19 [Log:] ------------------start reload all---------------------------
2018/11/30 19:35:29 [Log:] ------------------start reload all---------------------------
2018/11/30 19:35:39 [Log:] ------------------start reload all---------------------------
2018/11/30 19:35:49 [Log:] ------------------start reload all---------------------------
2018/11/30 19:35:59 [Log:] ------------------start reload all---------------------------
2018/11/30 19:36:09 [Log:] ------------------start reload all---------------------------
2018/11/30 19:36:19 [Log:] ------------------start reload all---------------------------
2018/11/30 19:36:29 [Log:] ------------------start reload all---------------------------
2018/11/30 19:36:39 [Log:] ------------------start reload all---------------------------
2018/11/30 19:36:49 [Log:] ------------------start reload all---------------------------
2018/11/30 19:36:59 [Log:] ------------------start reload all---------------------------
2018/11/30 19:37:09 [Log:] ------------------start reload all---------------------------
2018/11/30 19:37:19 [Log:] ------------------start reload all---------------------------
2018/11/30 19:37:29 [Log:] ------------------start reload all---------------------------
2018/11/30 19:37:39 [Log:] ------------------start reload all---------------------------
2018/11/30 19:37:49 [Log:] ------------------start reload all---------------------------
2018/11/30 19:37:59 [Log:] ------------------start reload all---------------------------
2018/11/30 19:38:09 [Log:] ------------------start reload all---------------------------
2018/11/30 19:38:19 [Log:] ------------------start reload all---------------------------
2018/11/30 19:38:29 [Log:] ------------------start reload all---------------------------
2018/11/30 19:38:39 [Log:] ------------------start reload all---------------------------
2018/11/30 19:38:49 [Log:] ------------------start reload all---------------------------
2018/11/30 19:38:59 [Log:] ------------------start reload all---------------------------
2018/11/30 19:39:09 [Log:] ------------------start reload all---------------------------
2018/11/30 19:39:19 [Log:] ------------------start reload all---------------------------
2018/11/30 19:40:07 [Log:] ========Game Server Start ....========
2018/11/30 19:41:18 [Log:] ========Game Server Start ....========
2018/11/30 19:41:18 [Log:] --------------StartGamesServers  End--------------------------
2018/11/30 19:41:18 [Log:] ------------------start reload all---------------------------
2018/11/30 19:41:28 [Log:] ------------------start reload all---------------------------
2018/11/30 19:41:38 [Log:] ------------------start reload all---------------------------
2018/11/30 19:41:48 [Log:] ------------------start reload all---------------------------
2018/11/30 19:41:58 [Log:] ------------------start reload all---------------------------
2018/11/30 19:42:08 [Log:] ------------------start reload all---------------------------
2018/11/30 19:42:18 [Log:] ------------------start reload all---------------------------
2018/11/30 19:42:28 [Log:] ------------------start reload all---------------------------
2018/11/30 19:42:38 [Log:] ------------------start reload all---------------------------
2018/11/30 19:42:48 [Log:] ------------------start reload all---------------------------
2018/11/30 19:45:51 [Log:] ========Game Server Start ....========
2018/11/30 19:45:51 [Log:] --------------StartGamesServers  End--------------------------
2018/11/30 19:45:51 [Log:] ------------------start reload all---------------------------
2018/11/30 19:46:01 [Log:] ------------------start reload all---------------------------
2018/11/30 19:46:11 [Log:] ------------------start reload all---------------------------
2018/11/30 19:46:21 [Log:] ------------------start reload all---------------------------
2018/11/30 19:46:31 [Log:] ------------------start reload all---------------------------
2018/11/30 19:46:41 [Log:] ------------------start reload all---------------------------
2018/11/30 19:46:51 [Log:] ------------------start reload all---------------------------
2018/11/30 19:47:01 [Log:] ------------------start reload all---------------------------
2018/11/30 19:47:11 [Log:] ------------------start reload all---------------------------
2018/11/30 19:47:21 [Log:] ------------------start reload all---------------------------
2018/11/30 19:47:31 [Log:] ------------------start reload all---------------------------
2018/11/30 19:47:41 [Log:] ------------------start reload all---------------------------
2018/11/30 19:47:51 [Log:] ------------------start reload all---------------------------
2018/11/30 19:48:01 [Log:] ------------------start reload all---------------------------
2018/11/30 19:48:11 [Log:] ------------------start reload all---------------------------
2018/11/30 19:48:21 [Log:] ------------------start reload all---------------------------
2018/11/30 19:48:31 [Log:] ------------------start reload all---------------------------
2018/11/30 19:48:41 [Log:] ------------------start reload all---------------------------
2018/11/30 19:48:51 [Log:] ------------------start reload all---------------------------
2018/11/30 19:49:01 [Log:] ------------------start reload all---------------------------
2018/11/30 19:49:11 [Log:] ------------------start reload all---------------------------
2018/11/30 19:49:21 [Log:] ------------------start reload all---------------------------
2018/11/30 19:49:31 [Log:] ------------------start reload all---------------------------
2018/11/30 19:49:41 [Log:] ------------------start reload all---------------------------
2018/11/30 19:49:51 [Log:] ------------------start reload all---------------------------
2018/11/30 19:50:01 [Log:] ------------------start reload all---------------------------
2018/11/30 19:50:11 [Log:] ------------------start reload all---------------------------
2018/11/30 19:50:21 [Log:] ------------------start reload all---------------------------
2018/11/30 19:50:31 [Log:] ------------------start reload all---------------------------
2018/11/30 19:50:41 [Log:] ------------------start reload all---------------------------
2018/11/30 19:50:51 [Log:] ------------------start reload all---------------------------
2018/11/30 19:51:01 [Log:] ------------------start reload all---------------------------
2018/11/30 19:51:11 [Log:] ------------------start reload all---------------------------
2018/11/30 19:51:21 [Log:] ------------------start reload all---------------------------
2018/11/30 19:51:31 [Log:] ------------------start reload all---------------------------
2018/11/30 19:51:41 [Log:] ------------------start reload all---------------------------
2018/11/30 19:51:51 [Log:] ------------------start reload all---------------------------
2018/11/30 19:52:01 [Log:] ------------------start reload all---------------------------
2018/11/30 19:52:11 [Log:] ------------------start reload all---------------------------
2018/11/30 19:52:21 [Log:] ------------------start reload all---------------------------
2018/11/30 19:52:31 [Log:] ------------------start reload all---------------------------
2018/11/30 19:52:41 [Log:] ------------------start reload all---------------------------
2018/11/30 19:52:51 [Log:] ------------------start reload all---------------------------
2018/11/30 19:53:01 [Log:] ------------------start reload all---------------------------
2018/11/30 19:53:11 [Log:] ------------------start reload all---------------------------
2018/12/01 11:16:44 [Log:] ========Game Server Start ....========
2018/12/01 11:16:44 [Log:] --------------StartGamesServers  End--------------------------
2018/12/01 11:16:44 [Log:] ------------------start reload all---------------------------
2018/12/01 11:16:54 [Log:] ------------------start reload all---------------------------
2018/12/01 11:17:04 [Log:] ------------------start reload all---------------------------
2018/12/01 11:17:14 [Log:] ------------------start reload all---------------------------
2018/12/01 11:17:24 [Log:] ------------------start reload all---------------------------
2018/12/01 13:27:33 [Log:] ========Game Server Start ....========
2018/12/01 13:27:34 [Log:] --------------StartGamesServers  End--------------------------
2018/12/01 13:27:34 [Log:] ------------------start reload all---------------------------
2018/12/01 13:27:39 [Log:] 服务器状态: 头部不全：[0 0 0 0 0 %!d(string=所有连接数量：0  所有包不全缓存大小:0)]  数据不全%!d(MISSING)   拼接次数 %!d(MISSING)  成功%!d(MISSING)    标识错误%!d(MISSING)   %!s(MISSING) 

2018/12/01 13:31:16 [Log:] ========Game Server Start ....========
2018/12/01 13:31:16 [Log:] --------------StartGamesServers  End--------------------------
2018/12/01 13:31:16 [Log:] ------------------start reload all---------------------------
2018/12/01 13:31:22 [Log:] ========Game Server Start ....========
2018/12/01 13:31:22 [Log:] --------------StartGamesServers  End--------------------------
2018/12/01 13:31:22 [Log:] ------------------start reload all---------------------------
2018/12/01 13:31:27 [Log:] 服务器状态: 头部不全：0  数据不全0   拼接次数 0  成功0    标识错误0   所有连接数量：47  所有包不全缓存大小:0 
2018/12/01 13:31:32 [Log:] 服务器状态: 头部不全：0  数据不全0   拼接次数 0  成功0    标识错误0   所有连接数量：50  所有包不全缓存大小:0 
2018/12/01 13:31:32 [Log:] ------------------start reload all---------------------------
2018/12/01 13:31:37 [Log:] 服务器状态: 头部不全：0  数据不全0   拼接次数 0  成功0    标识错误0   所有连接数量：50  所有包不全缓存大小:0 
2018/12/01 13:31:42 [Log:] 服务器状态: 头部不全：0  数据不全0   拼接次数 0  成功0    标识错误0   所有连接数量：50  所有包不全缓存大小:0 
2018/12/01 13:31:42 [Log:] ------------------start reload all---------------------------
2018/12/01 13:33:22 [Log:] ========Game Server Start ....========
2018/12/01 13:33:22 [Log:] --------------StartGamesServers  End--------------------------
2018/12/01 13:33:22 [Log:] ------------------start reload all---------------------------
2018/12/01 13:33:27 [Log:] 服务器状态: 头部不全：0  数据不全0   拼接次数 0  成功0    标识错误0   所有连接数量：50  所有包不全缓存大小:0 
2018/12/01 13:33:32 [Log:] 服务器状态: 头部不全：0  数据不全0   拼接次数 0  成功0    标识错误0   所有连接数量：50  所有包不全缓存大小:0 
2018/12/01 13:33:32 [Log:] ------------------start reload all---------------------------
2018/12/01 13:33:37 [Log:] 服务器状态: 头部不全：0  数据不全0   拼接次数 0  成功0    标识错误0   所有连接数量：0  所有包不全缓存大小:0 
2018/12/01 13:33:42 [Log:] ------------------start reload all---------------------------
2018/12/01 13:33:42 [Log:] 服务器状态: 头部不全：0  数据不全0   拼接次数 0  成功0    标识错误0   所有连接数量：0  所有包不全缓存大小:0 
2018/12/01 13:33:47 [Log:] 服务器状态: 头部不全：0  数据不全0   拼接次数 0  成功0    标识错误0   所有连接数量：0  所有包不全缓存大小:0 
2018/12/01 13:33:52 [Log:] 服务器状态: 头部不全：0  数据不全0   拼接次数 0  成功0    标识错误0   所有连接数量：0  所有包不全缓存大小:0 
2018/12/01 13:33:52 [Log:] ------------------start reload all---------------------------
2018/12/01 13:33:57 [Log:] 服务器状态: 头部不全：0  数据不全0   拼接次数 0  成功0    标识错误0   所有连接数量：0  所有包不全缓存大小:0 
2018/12/01 13:34:02 [Log:] 服务器状态: 头部不全：0  数据不全0   拼接次数 0  成功0    标识错误0   所有连接数量：0  所有包不全缓存大小:0 
2018/12/01 13:34:02 [Log:] ------------------start reload all---------------------------
2018/12/01 13:34:07 [Log:] 服务器状态: 头部不全：0  数据不全0   拼接次数 0  成功0    标识错误0   所有连接数量：0  所有包不全缓存大小:0 
2018/12/01 13:34:12 [Log:] 服务器状态: 头部不全：0  数据不全0   拼接次数 0  成功0    标识错误0   所有连接数量：0  所有包不全缓存大小:0 
2018/12/01 13:34:12 [Log:] ------------------start reload all---------------------------
2018/12/01 13:34:17 [Log:] 服务器状态: 头部不全：0  数据不全0   拼接次数 0  成功0    标识错误0   所有连接数量：50  所有包不全缓存大小:0 
2018/12/01 13:34:22 [Log:] ------------------start reload all---------------------------
2018/12/01 13:34:22 [Log:] 服务器状态: 头部不全：0  数据不全0   拼接次数 0  成功0    标识错误0   所有连接数量：50  所有包不全缓存大小:0 
2018/12/01 13:52:33 [Log:] ========Game Server Start ....========
2018/12/01 13:52:33 [Log:] --------------StartGamesServers  End--------------------------
2018/12/01 13:52:33 [Log:] ------------------start reload all---------------------------
2018/12/01 13:52:38 [Log:] 服务器状态: 头部不全：0  数据不全0   拼接次数 0  成功0    标识错误0   所有连接数量：50  所有包不全缓存大小:0 
2018/12/01 13:52:43 [Log:] ------------------start reload all---------------------------
2018/12/01 13:52:43 [Log:] 服务器状态: 头部不全：0  数据不全0   拼接次数 0  成功0    标识错误0   所有连接数量：0  所有包不全缓存大小:0 
2018/12/01 13:52:48 [Log:] 服务器状态: 头部不全：0  数据不全0   拼接次数 0  成功0    标识错误0   所有连接数量：0  所有包不全缓存大小:0 
2018/12/01 13:52:53 [Log:] ------------------start reload all---------------------------
2018/12/01 13:52:53 [Log:] 服务器状态: 头部不全：0  数据不全0   拼接次数 0  成功0    标识错误0   所有连接数量：0  所有包不全缓存大小:0 
2018/12/01 13:52:58 [Log:] 服务器状态: 头部不全：0  数据不全0   拼接次数 0  成功0    标识错误0   所有连接数量：0  所有包不全缓存大小:0 
2018/12/01 13:53:03 [Log:] 服务器状态: 头部不全：0  数据不全0   拼接次数 0  成功0    标识错误0   所有连接数量：0  所有包不全缓存大小:0 
2018/12/01 13:53:03 [Log:] ------------------start reload all---------------------------
2018/12/01 13:53:08 [Log:] 服务器状态: 头部不全：0  数据不全0   拼接次数 0  成功0    标识错误0   所有连接数量：0  所有包不全缓存大小:0 
2018/12/01 13:53:13 [Log:] 服务器状态: 头部不全：0  数据不全0   拼接次数 0  成功0    标识错误0   所有连接数量：0  所有包不全缓存大小:0 
2018/12/01 13:53:13 [Log:] ------------------start reload all---------------------------
2018/12/01 13:53:18 [Log:] 服务器状态: 头部不全：0  数据不全0   拼接次数 0  成功0    标识错误0   所有连接数量：0  所有包不全缓存大小:0 
2018/12/01 13:53:23 [Log:] 服务器状态: 头部不全：0  数据不全0   拼接次数 0  成功0    标识错误0   所有连接数量：0  所有包不全缓存大小:0 
2018/12/01 13:53:23 [Log:] ------------------start reload all---------------------------
2018/12/01 13:53:28 [Log:] 服务器状态: 头部不全：0  数据不全0   拼接次数 0  成功0    标识错误0   所有连接数量：0  所有包不全缓存大小:0 
2018/12/01 13:53:33 [Log:] 服务器状态: 头部不全：0  数据不全0   拼接次数 0  成功0    标识错误0   所有连接数量：50  所有包不全缓存大小:0 
2018/12/01 13:53:33 [Log:] ------------------start reload all---------------------------
2018/12/01 13:53:38 [Log:] 服务器状态: 头部不全：0  数据不全0   拼接次数 0  成功0    标识错误0   所有连接数量：0  所有包不全缓存大小:0 
2018/12/01 13:53:43 [Log:] ------------------start reload all---------------------------
2018/12/01 13:53:43 [Log:] 服务器状态: 头部不全：0  数据不全0   拼接次数 0  成功0    标识错误0   所有连接数量：0  所有包不全缓存大小:0 
2018/12/01 13:53:48 [Log:] 服务器状态: 头部不全：0  数据不全0   拼接次数 0  成功0    标识错误0   所有连接数量：0  所有包不全缓存大小:0 
2018/12/01 13:53:53 [Log:] ------------------start reload all---------------------------
2018/12/01 13:53:53 [Log:] 服务器状态: 头部不全：0  数据不全0   拼接次数 0  成功0    标识错误0   所有连接数量：0  所有包不全缓存大小:0 
2018/12/01 13:53:58 [Log:] 服务器状态: 头部不全：0  数据不全0   拼接次数 0  成功0    标识错误0   所有连接数量：0  所有包不全缓存大小:0 
2018/12/01 13:54:03 [Log:] ------------------start reload all---------------------------
2018/12/01 13:54:03 [Log:] 服务器状态: 头部不全：0  数据不全0   拼接次数 0  成功0    标识错误0   所有连接数量：0  所有包不全缓存大小:0 
2018/12/01 13:54:08 [Log:] 服务器状态: 头部不全：0  数据不全0   拼接次数 0  成功0    标识错误0   所有连接数量：0  所有包不全缓存大小:0 
2018/12/01 13:54:13 [Log:] ------------------start reload all---------------------------
2018/12/01 13:54:13 [Log:] 服务器状态: 头部不全：0  数据不全0   拼接次数 0  成功0    标识错误0   所有连接数量：0  所有包不全缓存大小:0 
2018/12/01 13:54:18 [Log:] 服务器状态: 头部不全：0  数据不全0   拼接次数 0  成功0    标识错误0   所有连接数量：50  所有包不全缓存大小:0 
2018/12/01 13:54:23 [Log:] ------------------start reload all---------------------------
2018/12/01 13:54:23 [Log:] 服务器状态: 头部不全：0  数据不全0   拼接次数 0  成功0    标识错误0   所有连接数量：50  所有包不全缓存大小:0 
2018/12/01 13:54:28 [Log:] 服务器状态: 头部不全：0  数据不全0   拼接次数 0  成功0    标识错误0   所有连接数量：50  所有包不全缓存大小:0 
2018/12/01 13:54:33 [Log:] 服务器状态: 头部不全：0  数据不全0   拼接次数 0  成功0    标识错误0   所有连接数量：50  所有包不全缓存大小:0 
2018/12/01 13:54:33 [Log:] ------------------start reload all---------------------------
2018/12/01 13:54:38 [Log:] 服务器状态: 头部不全：0  数据不全0   拼接次数 0  成功0    标识错误0   所有连接数量：0  所有包不全缓存大小:0 
2018/12/01 13:54:43 [Log:] 服务器状态: 头部不全：0  数据不全0   拼接次数 0  成功0    标识错误0   所有连接数量：0  所有包不全缓存大小:0 
2018/12/01 13:54:43 [Log:] ------------------start reload all---------------------------
2018/12/01 13:54:48 [Log:] 服务器状态: 头部不全：0  数据不全0   拼接次数 0  成功0    标识错误0   所有连接数量：0  所有包不全缓存大小:0 
2018/12/01 13:54:53 [Log:] ------------------start reload all---------------------------
2018/12/01 13:54:53 [Log:] 服务器状态: 头部不全：0  数据不全0   拼接次数 0  成功0    标识错误0   所有连接数量：0  所有包不全缓存大小:0 
2018/12/01 13:54:58 [Log:] 服务器状态: 头部不全：0  数据不全0   拼接次数 0  成功0    标识错误0   所有连接数量：0  所有包不全缓存大小:0 
2018/12/01 13:55:03 [Log:] ------------------start reload all---------------------------
2018/12/01 13:55:03 [Log:] 服务器状态: 头部不全：0  数据不全0   拼接次数 0  成功0    标识错误0   所有连接数量：0  所有包不全缓存大小:0 
2018/12/01 13:55:08 [Log:] 服务器状态: 头部不全：0  数据不全0   拼接次数 0  成功0    标识错误0   所有连接数量：0  所有包不全缓存大小:0 
2018/12/01 13:55:13 [Log:] 服务器状态: 头部不全：0  数据不全0   拼接次数 0  成功0    标识错误0   所有连接数量：0  所有包不全缓存大小:0 
2018/12/01 13:55:13 [Log:] ------------------start reload all---------------------------
2018/12/01 13:55:18 [Log:] 服务器状态: 头部不全：0  数据不全0   拼接次数 0  成功0    标识错误0   所有连接数量：0  所有包不全缓存大小:0 
2018/12/01 13:55:23 [Log:] 服务器状态: 头部不全：0  数据不全0   拼接次数 0  成功0    标识错误0   所有连接数量：0  所有包不全缓存大小:0 
2018/12/01 13:55:23 [Log:] ------------------start reload all---------------------------
2018/12/01 13:55:28 [Log:] 服务器状态: 头部不全：0  数据不全0   拼接次数 0  成功0    标识错误0   所有连接数量：0  所有包不全缓存大小:0 
2018/12/01 13:55:33 [Log:] 服务器状态: 头部不全：0  数据不全0   拼接次数 0  成功0    标识错误0   所有连接数量：0  所有包不全缓存大小:0 
2018/12/01 13:55:33 [Log:] ------------------start reload all---------------------------
2018/12/01 13:55:38 [Log:] 服务器状态: 头部不全：0  数据不全0   拼接次数 0  成功0    标识错误0   所有连接数量：0  所有包不全缓存大小:0 
2018/12/01 13:55:43 [Log:] 服务器状态: 头部不全：0  数据不全0   拼接次数 0  成功0    标识错误0   所有连接数量：0  所有包不全缓存大小:0 
2018/12/01 13:55:43 [Log:] ------------------start reload all---------------------------
2018/12/01 13:55:48 [Log:] 服务器状态: 头部不全：0  数据不全0   拼接次数 0  成功0    标识错误0   所有连接数量：0  所有包不全缓存大小:0 
2018/12/01 13:55:53 [Log:] 服务器状态: 头部不全：0  数据不全0   拼接次数 0  成功0    标识错误0   所有连接数量：0  所有包不全缓存大小:0 
2018/12/01 13:55:53 [Log:] ------------------start reload all---------------------------
2018/12/01 13:55:58 [Log:] 服务器状态: 头部不全：0  数据不全0   拼接次数 0  成功0    标识错误0   所有连接数量：0  所有包不全缓存大小:0 
2018/12/01 13:56:03 [Log:] ------------------start reload all---------------------------
2018/12/01 13:56:03 [Log:] 服务器状态: 头部不全：0  数据不全0   拼接次数 0  成功0    标识错误0   所有连接数量：0  所有包不全缓存大小:0 
2018/12/01 13:56:08 [Log:] 服务器状态: 头部不全：0  数据不全0   拼接次数 0  成功0    标识错误0   所有连接数量：0  所有包不全缓存大小:0 
2018/12/01 13:56:13 [Log:] 服务器状态: 头部不全：0  数据不全0   拼接次数 0  成功0    标识错误0   所有连接数量：0  所有包不全缓存大小:0 
2018/12/01 13:56:13 [Log:] ------------------start reload all---------------------------
2018/12/01 13:56:18 [Log:] 服务器状态: 头部不全：0  数据不全0   拼接次数 0  成功0    标识错误0   所有连接数量：0  所有包不全缓存大小:0 
2018/12/01 13:56:23 [Log:] 服务器状态: 头部不全：0  数据不全0   拼接次数 0  成功0    标识错误0   所有连接数量：0  所有包不全缓存大小:0 
2018/12/01 13:56:23 [Log:] ------------------start reload all---------------------------
2018/12/01 13:56:28 [Log:] 服务器状态: 头部不全：0  数据不全0   拼接次数 0  成功0    标识错误0   所有连接数量：0  所有包不全缓存大小:0 
2018/12/01 13:56:33 [Log:] 服务器状态: 头部不全：0  数据不全0   拼接次数 0  成功0    标识错误0   所有连接数量：0  所有包不全缓存大小:0 
2018/12/01 13:56:33 [Log:] ------------------start reload all---------------------------
2018/12/01 13:56:38 [Log:] 服务器状态: 头部不全：0  数据不全0   拼接次数 0  成功0    标识错误0   所有连接数量：0  所有包不全缓存大小:0 
2018/12/01 13:56:43 [Log:] ------------------start reload all---------------------------
2018/12/01 13:56:43 [Log:] 服务器状态: 头部不全：0  数据不全0   拼接次数 0  成功0    标识错误0   所有连接数量：0  所有包不全缓存大小:0 
2018/12/01 13:56:48 [Log:] 服务器状态: 头部不全：0  数据不全0   拼接次数 0  成功0    标识错误0   所有连接数量：0  所有包不全缓存大小:0 
2018/12/01 13:56:53 [Log:] 服务器状态: 头部不全：0  数据不全0   拼接次数 0  成功0    标识错误0   所有连接数量：0  所有包不全缓存大小:0 
2018/12/01 13:56:53 [Log:] ------------------start reload all---------------------------
2018/12/01 13:56:58 [Log:] 服务器状态: 头部不全：0  数据不全0   拼接次数 0  成功0    标识错误0   所有连接数量：0  所有包不全缓存大小:0 
2018/12/01 13:57:03 [Log:] ------------------start reload all---------------------------
2018/12/01 13:57:03 [Log:] 服务器状态: 头部不全：0  数据不全0   拼接次数 0  成功0    标识错误0   所有连接数量：0  所有包不全缓存大小:0 
2018/12/01 13:57:08 [Log:] 服务器状态: 头部不全：0  数据不全0   拼接次数 0  成功0    标识错误0   所有连接数量：50  所有包不全缓存大小:0 
2018/12/01 13:57:13 [Log:] 服务器状态: 头部不全：0  数据不全0   拼接次数 0  成功0    标识错误0   所有连接数量：50  所有包不全缓存大小:0 
2018/12/01 13:57:13 [Log:] ------------------start reload all---------------------------
2018/12/01 13:57:18 [Log:] 服务器状态: 头部不全：0  数据不全0   拼接次数 0  成功0    标识错误0   所有连接数量：50  所有包不全缓存大小:0 
2018/12/01 13:57:23 [Log:] 服务器状态: 头部不全：0  数据不全0   拼接次数 0  成功0    标识错误0   所有连接数量：0  所有包不全缓存大小:0 
2018/12/01 13:57:23 [Log:] ------------------start reload all---------------------------
2018/12/01 13:57:28 [Log:] 服务器状态: 头部不全：0  数据不全0   拼接次数 0  成功0    标识错误0   所有连接数量：0  所有包不全缓存大小:0 
2018/12/01 13:57:33 [Log:] ------------------start reload all---------------------------
2018/12/01 13:57:33 [Log:] 服务器状态: 头部不全：0  数据不全0   拼接次数 0  成功0    标识错误0   所有连接数量：0  所有包不全缓存大小:0 
2018/12/01 13:57:38 [Log:] 服务器状态: 头部不全：0  数据不全0   拼接次数 0  成功0    标识错误0   所有连接数量：0  所有包不全缓存大小:0 
2018/12/01 13:57:43 [Log:] ------------------start reload all---------------------------
2018/12/01 13:57:43 [Log:] 服务器状态: 头部不全：0  数据不全0   拼接次数 0  成功0    标识错误0   所有连接数量：0  所有包不全缓存大小:0 
2018/12/01 13:57:48 [Log:] 服务器状态: 头部不全：0  数据不全0   拼接次数 0  成功0    标识错误0   所有连接数量：0  所有包不全缓存大小:0 
2018/12/01 13:57:53 [Log:] ------------------start reload all---------------------------
2018/12/01 13:57:53 [Log:] 服务器状态: 头部不全：0  数据不全0   拼接次数 0  成功0    标识错误0   所有连接数量：0  所有包不全缓存大小:0 
2018/12/01 13:57:58 [Log:] 服务器状态: 头部不全：0  数据不全0   拼接次数 0  成功0    标识错误0   所有连接数量：0  所有包不全缓存大小:0 
2018/12/01 13:58:03 [Log:] 服务器状态: 头部不全：0  数据不全0   拼接次数 0  成功0    标识错误0   所有连接数量：0  所有包不全缓存大小:0 
2018/12/01 13:58:03 [Log:] ------------------start reload all---------------------------
2018/12/01 13:58:08 [Log:] 服务器状态: 头部不全：0  数据不全0   拼接次数 0  成功0    标识错误0   所有连接数量：0  所有包不全缓存大小:0 
2018/12/01 13:58:13 [Log:] 服务器状态: 头部不全：0  数据不全0   拼接次数 0  成功0    标识错误0   所有连接数量：0  所有包不全缓存大小:0 
2018/12/01 13:58:13 [Log:] ------------------start reload all---------------------------
2018/12/01 13:58:18 [Log:] 服务器状态: 头部不全：0  数据不全0   拼接次数 0  成功0    标识错误0   所有连接数量：0  所有包不全缓存大小:0 
2018/12/01 13:58:23 [Log:] ------------------start reload all---------------------------
2018/12/01 13:58:23 [Log:] 服务器状态: 头部不全：0  数据不全0   拼接次数 0  成功0    标识错误0   所有连接数量：0  所有包不全缓存大小:0 
2018/12/01 13:58:28 [Log:] 服务器状态: 头部不全：0  数据不全0   拼接次数 0  成功0    标识错误0   所有连接数量：0  所有包不全缓存大小:0 
2018/12/01 13:58:33 [Log:] 服务器状态: 头部不全：0  数据不全0   拼接次数 0  成功0    标识错误0   所有连接数量：0  所有包不全缓存大小:0 
2018/12/01 13:58:33 [Log:] ------------------start reload all---------------------------
2018/12/01 13:58:38 [Log:] 服务器状态: 头部不全：0  数据不全0   拼接次数 0  成功0    标识错误0   所有连接数量：0  所有包不全缓存大小:0 
2018/12/01 13:58:43 [Log:] ------------------start reload all---------------------------
2018/12/01 13:58:43 [Log:] 服务器状态: 头部不全：0  数据不全0   拼接次数 0  成功0    标识错误0   所有连接数量：0  所有包不全缓存大小:0 
2018/12/01 13:58:48 [Log:] 服务器状态: 头部不全：0  数据不全0   拼接次数 0  成功0    标识错误0   所有连接数量：0  所有包不全缓存大小:0 
2018/12/01 13:58:53 [Log:] 服务器状态: 头部不全：0  数据不全0   拼接次数 0  成功0    标识错误0   所有连接数量：0  所有包不全缓存大小:0 
2018/12/01 13:58:53 [Log:] ------------------start reload all---------------------------
2018/12/01 13:58:58 [Log:] 服务器状态: 头部不全：0  数据不全0   拼接次数 0  成功0    标识错误0   所有连接数量：50  所有包不全缓存大小:0 
2018/12/01 13:59:03 [Log:] ------------------start reload all---------------------------
2018/12/01 13:59:03 [Log:] 服务器状态: 头部不全：0  数据不全0   拼接次数 0  成功0    标识错误0   所有连接数量：50  所有包不全缓存大小:0 
2018/12/01 13:59:08 [Log:] 服务器状态: 头部不全：0  数据不全0   拼接次数 0  成功0    标识错误0   所有连接数量：0  所有包不全缓存大小:0 
2018/12/01 13:59:13 [Log:] 服务器状态: 头部不全：0  数据不全0   拼接次数 0  成功0    标识错误0   所有连接数量：0  所有包不全缓存大小:0 
2018/12/01 13:59:13 [Log:] ------------------start reload all---------------------------
2018/12/01 13:59:18 [Log:] 服务器状态: 头部不全：0  数据不全0   拼接次数 0  成功0    标识错误0   所有连接数量：0  所有包不全缓存大小:0 
2018/12/01 13:59:23 [Log:] ------------------start reload all---------------------------
2018/12/01 13:59:23 [Log:] 服务器状态: 头部不全：0  数据不全0   拼接次数 0  成功0    标识错误0   所有连接数量：0  所有包不全缓存大小:0 
2018/12/01 13:59:28 [Log:] 服务器状态: 头部不全：0  数据不全0   拼接次数 0  成功0    标识错误0   所有连接数量：0  所有包不全缓存大小:0 
2018/12/01 13:59:33 [Log:] 服务器状态: 头部不全：0  数据不全0   拼接次数 0  成功0    标识错误0   所有连接数量：0  所有包不全缓存大小:0 
2018/12/01 13:59:33 [Log:] ------------------start reload all---------------------------
2018/12/01 13:59:38 [Log:] 服务器状态: 头部不全：0  数据不全0   拼接次数 0  成功0    标识错误0   所有连接数量：0  所有包不全缓存大小:0 
2018/12/01 13:59:43 [Log:] 服务器状态: 头部不全：0  数据不全0   拼接次数 0  成功0    标识错误0   所有连接数量：0  所有包不全缓存大小:0 
2018/12/01 13:59:43 [Log:] ------------------start reload all---------------------------
2018/12/01 13:59:48 [Log:] 服务器状态: 头部不全：0  数据不全0   拼接次数 0  成功0    标识错误0   所有连接数量：0  所有包不全缓存大小:0 
2018/12/01 13:59:53 [Log:] 服务器状态: 头部不全：0  数据不全0   拼接次数 0  成功0    标识错误0   所有连接数量：0  所有包不全缓存大小:0 
2018/12/01 13:59:53 [Log:] ------------------start reload all---------------------------
2018/12/01 13:59:58 [Log:] 服务器状态: 头部不全：0  数据不全0   拼接次数 0  成功0    标识错误0   所有连接数量：0  所有包不全缓存大小:0 
2018/12/01 14:00:03 [Log:] ------------------start reload all---------------------------
2018/12/01 14:00:03 [Log:] 服务器状态: 头部不全：0  数据不全0   拼接次数 0  成功0    标识错误0   所有连接数量：0  所有包不全缓存大小:0 
2018/12/01 14:00:08 [Log:] 服务器状态: 头部不全：0  数据不全0   拼接次数 0  成功0    标识错误0   所有连接数量：50  所有包不全缓存大小:0 
2018/12/01 14:00:13 [Log:] ------------------start reload all---------------------------
2018/12/01 14:00:13 [Log:] 服务器状态: 头部不全：0  数据不全0   拼接次数 0  成功0    标识错误0   所有连接数量：0  所有包不全缓存大小:0 
2018/12/01 14:00:18 [Log:] 服务器状态: 头部不全：0  数据不全0   拼接次数 0  成功0    标识错误0   所有连接数量：0  所有包不全缓存大小:0 
2018/12/01 14:00:23 [Log:] 服务器状态: 头部不全：0  数据不全0   拼接次数 0  成功0    标识错误0   所有连接数量：0  所有包不全缓存大小:0 
2018/12/01 14:00:23 [Log:] ------------------start reload all---------------------------
2018/12/01 14:00:28 [Log:] 服务器状态: 头部不全：0  数据不全0   拼接次数 0  成功0    标识错误0   所有连接数量：0  所有包不全缓存大小:0 
2018/12/01 14:02:12 [Log:] ========Game Server Start ....========
2018/12/01 14:02:12 [Log:] --------------StartGamesServers  End--------------------------
2018/12/01 14:02:12 [Log:] ------------------start reload all---------------------------
2018/12/01 14:02:17 [Log:] 服务器状态: 头部不全：0  数据不全0   拼接次数 0  成功0    标识错误0   所有连接数量：0  所有包不全缓存大小:0 
2018/12/01 14:02:22 [Log:] ------------------start reload all---------------------------
2018/12/01 14:02:22 [Log:] 服务器状态: 头部不全：0  数据不全0   拼接次数 0  成功0    标识错误0   所有连接数量：50  所有包不全缓存大小:0 
2018/12/01 14:02:27 [Log:] 服务器状态: 头部不全：0  数据不全0   拼接次数 0  成功0    标识错误0   所有连接数量：50  所有包不全缓存大小:0 
2018/12/01 14:02:32 [Log:] 服务器状态: 头部不全：0  数据不全0   拼接次数 0  成功0    标识错误0   所有连接数量：50  所有包不全缓存大小:0 
2018/12/01 14:02:32 [Log:] ------------------start reload all---------------------------
2018/12/01 14:02:37 [Log:] 服务器状态: 头部不全：0  数据不全0   拼接次数 0  成功0    标识错误0   所有连接数量：50  所有包不全缓存大小:0 
2018/12/01 14:02:42 [Log:] 服务器状态: 头部不全：0  数据不全0   拼接次数 0  成功0    标识错误0   所有连接数量：50  所有包不全缓存大小:0 
2018/12/01 14:02:42 [Log:] ------------------start reload all---------------------------
2018/12/01 14:02:47 [Log:] 服务器状态: 头部不全：0  数据不全0   拼接次数 0  成功0    标识错误0   所有连接数量：50  所有包不全缓存大小:0 
2018/12/01 14:02:52 [Log:] 服务器状态: 头部不全：0  数据不全0   拼接次数 0  成功0    标识错误0   所有连接数量：0  所有包不全缓存大小:0 
2018/12/01 14:02:52 [Log:] ------------------start reload all---------------------------
2018/12/01 14:02:57 [Log:] 服务器状态: 头部不全：0  数据不全0   拼接次数 0  成功0    标识错误0   所有连接数量：0  所有包不全缓存大小:0 
2018/12/01 14:03:02 [Log:] ------------------start reload all---------------------------
2018/12/01 14:03:02 [Log:] 服务器状态: 头部不全：0  数据不全0   拼接次数 0  成功0    标识错误0   所有连接数量：0  所有包不全缓存大小:0 
2018/12/01 14:03:07 [Log:] 服务器状态: 头部不全：0  数据不全0   拼接次数 0  成功0    标识错误0   所有连接数量：0  所有包不全缓存大小:0 
2018/12/01 14:03:12 [Log:] 服务器状态: 头部不全：0  数据不全0   拼接次数 0  成功0    标识错误0   所有连接数量：0  所有包不全缓存大小:0 
2018/12/01 14:03:12 [Log:] ------------------start reload all---------------------------
2018/12/01 14:03:17 [Log:] 服务器状态: 头部不全：0  数据不全0   拼接次数 0  成功0    标识错误0   所有连接数量：50  所有包不全缓存大小:0 
2018/12/01 14:03:22 [Log:] 服务器状态: 头部不全：0  数据不全0   拼接次数 0  成功0    标识错误0   所有连接数量：50  所有包不全缓存大小:0 
2018/12/01 14:03:22 [Log:] ------------------start reload all---------------------------
2018/12/01 14:03:27 [Log:] 服务器状态: 头部不全：0  数据不全0   拼接次数 0  成功0    标识错误0   所有连接数量：50  所有包不全缓存大小:0 
2018/12/01 14:03:32 [Log:] ------------------start reload all---------------------------
2018/12/01 14:03:32 [Log:] 服务器状态: 头部不全：0  数据不全0   拼接次数 0  成功0    标识错误0   所有连接数量：50  所有包不全缓存大小:0 
2018/12/01 14:03:37 [Log:] 服务器状态: 头部不全：0  数据不全0   拼接次数 0  成功0    标识错误0   所有连接数量：50  所有包不全缓存大小:0 
2018/12/01 14:03:42 [Log:] ------------------start reload all---------------------------
2018/12/01 14:03:42 [Log:] 服务器状态: 头部不全：0  数据不全0   拼接次数 0  成功0    标识错误0   所有连接数量：0  所有包不全缓存大小:0 
2018/12/01 14:03:47 [Log:] 服务器状态: 头部不全：0  数据不全0   拼接次数 0  成功0    标识错误0   所有连接数量：0  所有包不全缓存大小:0 
2018/12/01 14:03:52 [Log:] 服务器状态: 头部不全：0  数据不全0   拼接次数 0  成功0    标识错误0   所有连接数量：0  所有包不全缓存大小:0 
2018/12/01 14:03:52 [Log:] ------------------start reload all---------------------------
2018/12/01 14:03:57 [Log:] 服务器状态: 头部不全：0  数据不全0   拼接次数 0  成功0    标识错误0   所有连接数量：0  所有包不全缓存大小:0 
2018/12/01 14:04:02 [Log:] 服务器状态: 头部不全：0  数据不全0   拼接次数 0  成功0    标识错误0   所有连接数量：0  所有包不全缓存大小:0 
2018/12/01 14:04:02 [Log:] ------------------start reload all---------------------------
2018/12/01 14:04:07 [Log:] 服务器状态: 头部不全：0  数据不全0   拼接次数 0  成功0    标识错误0   所有连接数量：0  所有包不全缓存大小:0 
2018/12/01 14:04:12 [Log:] 服务器状态: 头部不全：0  数据不全0   拼接次数 0  成功0    标识错误0   所有连接数量：0  所有包不全缓存大小:0 
2018/12/01 14:04:12 [Log:] ------------------start reload all---------------------------
2018/12/01 14:04:17 [Log:] 服务器状态: 头部不全：0  数据不全0   拼接次数 0  成功0    标识错误0   所有连接数量：0  所有包不全缓存大小:0 
2018/12/01 14:04:22 [Log:] ------------------start reload all---------------------------
2018/12/01 14:04:22 [Log:] 服务器状态: 头部不全：0  数据不全0   拼接次数 0  成功0    标识错误0   所有连接数量：0  所有包不全缓存大小:0 
2018/12/01 14:04:27 [Log:] 服务器状态: 头部不全：0  数据不全0   拼接次数 0  成功0    标识错误0   所有连接数量：0  所有包不全缓存大小:0 
2018/12/01 14:04:32 [Log:] ------------------start reload all---------------------------
2018/12/01 14:04:32 [Log:] 服务器状态: 头部不全：0  数据不全0   拼接次数 0  成功0    标识错误0   所有连接数量：0  所有包不全缓存大小:0 
2018/12/01 14:04:37 [Log:] 服务器状态: 头部不全：0  数据不全0   拼接次数 0  成功0    标识错误0   所有连接数量：0  所有包不全缓存大小:0 
2018/12/01 14:04:42 [Log:] 服务器状态: 头部不全：0  数据不全0   拼接次数 0  成功0    标识错误0   所有连接数量：0  所有包不全缓存大小:0 
2018/12/01 14:04:42 [Log:] ------------------start reload all---------------------------
2018/12/01 14:04:47 [Log:] 服务器状态: 头部不全：0  数据不全0   拼接次数 0  成功0    标识错误0   所有连接数量：0  所有包不全缓存大小:0 
2018/12/01 14:04:52 [Log:] ------------------start reload all---------------------------
2018/12/01 14:04:52 [Log:] 服务器状态: 头部不全：0  数据不全0   拼接次数 0  成功0    标识错误0   所有连接数量：0  所有包不全缓存大小:0 
2018/12/01 14:04:57 [Log:] 服务器状态: 头部不全：0  数据不全0   拼接次数 0  成功0    标识错误0   所有连接数量：0  所有包不全缓存大小:0 
2018/12/01 14:05:02 [Log:] 服务器状态: 头部不全：0  数据不全0   拼接次数 0  成功0    标识错误0   所有连接数量：0  所有包不全缓存大小:0 
2018/12/01 14:05:02 [Log:] ------------------start reload all---------------------------
2018/12/01 14:05:07 [Log:] 服务器状态: 头部不全：0  数据不全0   拼接次数 0  成功0    标识错误0   所有连接数量：0  所有包不全缓存大小:0 
2018/12/01 14:05:12 [Log:] 服务器状态: 头部不全：0  数据不全0   拼接次数 0  成功0    标识错误0   所有连接数量：0  所有包不全缓存大小:0 
2018/12/01 14:05:12 [Log:] ------------------start reload all---------------------------
2018/12/01 14:05:17 [Log:] 服务器状态: 头部不全：0  数据不全0   拼接次数 0  成功0    标识错误0   所有连接数量：0  所有包不全缓存大小:0 
2018/12/01 14:05:22 [Log:] 服务器状态: 头部不全：0  数据不全0   拼接次数 0  成功0    标识错误0   所有连接数量：0  所有包不全缓存大小:0 
2018/12/01 14:05:22 [Log:] ------------------start reload all---------------------------
2018/12/01 14:05:27 [Log:] 服务器状态: 头部不全：0  数据不全0   拼接次数 0  成功0    标识错误0   所有连接数量：0  所有包不全缓存大小:0 
2018/12/01 14:05:32 [Log:] 服务器状态: 头部不全：0  数据不全0   拼接次数 0  成功0    标识错误0   所有连接数量：50  所有包不全缓存大小:0 
2018/12/01 14:05:32 [Log:] ------------------start reload all---------------------------
2018/12/01 14:05:37 [Log:] 服务器状态: 头部不全：0  数据不全0   拼接次数 0  成功0    标识错误0   所有连接数量：50  所有包不全缓存大小:0 
2018/12/01 14:05:42 [Log:] 服务器状态: 头部不全：0  数据不全0   拼接次数 0  成功0    标识错误0   所有连接数量：0  所有包不全缓存大小:0 
2018/12/01 14:05:42 [Log:] ------------------start reload all---------------------------
2018/12/01 14:05:47 [Log:] 服务器状态: 头部不全：0  数据不全0   拼接次数 0  成功0    标识错误0   所有连接数量：0  所有包不全缓存大小:0 
2018/12/01 14:05:52 [Log:] ------------------start reload all---------------------------
2018/12/01 14:05:52 [Log:] 服务器状态: 头部不全：0  数据不全0   拼接次数 0  成功0    标识错误0   所有连接数量：0  所有包不全缓存大小:0 
2018/12/01 14:05:57 [Log:] 服务器状态: 头部不全：0  数据不全0   拼接次数 0  成功0    标识错误0   所有连接数量：0  所有包不全缓存大小:0 
2018/12/01 14:06:02 [Log:] 服务器状态: 头部不全：0  数据不全0   拼接次数 0  成功0    标识错误0   所有连接数量：0  所有包不全缓存大小:0 
2018/12/01 14:06:02 [Log:] ------------------start reload all---------------------------
2018/12/01 14:06:07 [Log:] 服务器状态: 头部不全：0  数据不全0   拼接次数 0  成功0    标识错误0   所有连接数量：0  所有包不全缓存大小:0 
2018/12/01 14:06:12 [Log:] ------------------start reload all---------------------------
2018/12/01 14:06:12 [Log:] 服务器状态: 头部不全：0  数据不全0   拼接次数 0  成功0    标识错误0   所有连接数量：0  所有包不全缓存大小:0 
2018/12/01 14:06:17 [Log:] 服务器状态: 头部不全：0  数据不全0   拼接次数 0  成功0    标识错误0   所有连接数量：0  所有包不全缓存大小:0 
2018/12/01 14:06:22 [Log:] ------------------start reload all---------------------------
2018/12/01 14:06:22 [Log:] 服务器状态: 头部不全：0  数据不全0   拼接次数 0  成功0    标识错误0   所有连接数量：0  所有包不全缓存大小:0 
2018/12/01 14:06:27 [Log:] 服务器状态: 头部不全：0  数据不全0   拼接次数 0  成功0    标识错误0   所有连接数量：0  所有包不全缓存大小:0 
2018/12/01 14:06:32 [Log:] ------------------start reload all---------------------------
2018/12/01 14:06:32 [Log:] 服务器状态: 头部不全：0  数据不全0   拼接次数 0  成功0    标识错误0   所有连接数量：0  所有包不全缓存大小:0 
2018/12/01 14:06:37 [Log:] 服务器状态: 头部不全：0  数据不全0   拼接次数 0  成功0    标识错误0   所有连接数量：0  所有包不全缓存大小:0 
2018/12/01 14:06:42 [Log:] ------------------start reload all---------------------------
2018/12/01 14:06:42 [Log:] 服务器状态: 头部不全：0  数据不全0   拼接次数 0  成功0    标识错误0   所有连接数量：0  所有包不全缓存大小:0 
2018/12/01 14:06:47 [Log:] 服务器状态: 头部不全：0  数据不全0   拼接次数 0  成功0    标识错误0   所有连接数量：0  所有包不全缓存大小:0 
2018/12/01 14:06:52 [Log:] ------------------start reload all---------------------------
2018/12/01 14:06:52 [Log:] 服务器状态: 头部不全：0  数据不全0   拼接次数 0  成功0    标识错误0   所有连接数量：0  所有包不全缓存大小:0 
2018/12/01 14:06:57 [Log:] 服务器状态: 头部不全：0  数据不全0   拼接次数 0  成功0    标识错误0   所有连接数量：0  所有包不全缓存大小:0 
2018/12/01 14:07:02 [Log:] 服务器状态: 头部不全：0  数据不全0   拼接次数 0  成功0    标识错误0   所有连接数量：0  所有包不全缓存大小:0 
2018/12/01 14:07:02 [Log:] ------------------start reload all---------------------------
2018/12/01 14:07:07 [Log:] 服务器状态: 头部不全：0  数据不全0   拼接次数 0  成功0    标识错误0   所有连接数量：0  所有包不全缓存大小:0 
2018/12/01 14:07:12 [Log:] 服务器状态: 头部不全：0  数据不全0   拼接次数 0  成功0    标识错误0   所有连接数量：0  所有包不全缓存大小:0 
2018/12/01 14:07:12 [Log:] ------------------start reload all---------------------------
2018/12/01 14:07:17 [Log:] 服务器状态: 头部不全：0  数据不全0   拼接次数 0  成功0    标识错误0   所有连接数量：0  所有包不全缓存大小:0 
2018/12/01 14:07:22 [Log:] 服务器状态: 头部不全：0  数据不全0   拼接次数 0  成功0    标识错误0   所有连接数量：0  所有包不全缓存大小:0 
2018/12/01 14:07:22 [Log:] ------------------start reload all---------------------------
2018/12/01 14:07:27 [Log:] 服务器状态: 头部不全：0  数据不全0   拼接次数 0  成功0    标识错误0   所有连接数量：0  所有包不全缓存大小:0 
2018/12/01 14:07:32 [Log:] 服务器状态: 头部不全：0  数据不全0   拼接次数 0  成功0    标识错误0   所有连接数量：0  所有包不全缓存大小:0 
2018/12/01 14:07:32 [Log:] ------------------start reload all---------------------------
2018/12/01 15:26:15 [Log:] ========Game Server Start ....========
2018/12/01 15:26:15 [Log:] --------------StartGamesServers  End--------------------------
2018/12/01 15:26:15 [Log:] ------------------start reload all---------------------------
2018/12/01 15:26:20 [Log:] 头部不全：0  数据不全0   拼接次数 0  成功0    标识错误0   -- 服务器状态：所有连接数量：0  所有包不全缓存大小:0 
2018/12/01 15:26:25 [Log:] 头部不全：0  数据不全0   拼接次数 0  成功0    标识错误0   -- 服务器状态：所有连接数量：5  所有包不全缓存大小:0 
2018/12/01 15:26:25 [Log:] ------------------start reload all---------------------------
2018/12/01 15:26:30 [Log:] 头部不全：0  数据不全0   拼接次数 0  成功0    标识错误0   -- 服务器状态：所有连接数量：5  所有包不全缓存大小:0 
2018/12/01 15:26:35 [Log:] 头部不全：0  数据不全0   拼接次数 0  成功0    标识错误0   -- 服务器状态：所有连接数量：5  所有包不全缓存大小:0 
2018/12/01 15:26:35 [Log:] ------------------start reload all---------------------------
2018/12/01 15:26:40 [Log:] 头部不全：0  数据不全0   拼接次数 0  成功0    标识错误0   -- 服务器状态：所有连接数量：0  所有包不全缓存大小:0 
2018/12/01 15:26:45 [Log:] ------------------start reload all---------------------------
2018/12/01 15:26:45 [Log:] 头部不全：0  数据不全0   拼接次数 0  成功0    标识错误0   -- 服务器状态：所有连接数量：0  所有包不全缓存大小:0 
2018/12/01 15:26:50 [Log:] 头部不全：0  数据不全0   拼接次数 0  成功0    标识错误0   -- 服务器状态：所有连接数量：0  所有包不全缓存大小:0 
2018/12/01 15:26:55 [Log:] 头部不全：0  数据不全0   拼接次数 0  成功0    标识错误0   -- 服务器状态：所有连接数量：0  所有包不全缓存大小:0 
2018/12/01 15:26:55 [Log:] ------------------start reload all---------------------------
2018/12/01 15:27:00 [Log:] 头部不全：0  数据不全0   拼接次数 0  成功0    标识错误0   -- 服务器状态：所有连接数量：0  所有包不全缓存大小:0 
2018/12/01 15:27:05 [Log:] ------------------start reload all---------------------------
2018/12/01 15:27:05 [Log:] 头部不全：0  数据不全0   拼接次数 0  成功0    标识错误0   -- 服务器状态：所有连接数量：0  所有包不全缓存大小:0 
2018/12/01 15:27:10 [Log:] 头部不全：0  数据不全0   拼接次数 0  成功0    标识错误0   -- 服务器状态：所有连接数量：0  所有包不全缓存大小:0 
2018/12/01 15:27:15 [Log:] 头部不全：0  数据不全0   拼接次数 0  成功0    标识错误0   -- 服务器状态：所有连接数量：0  所有包不全缓存大小:0 
2018/12/01 15:27:15 [Log:] ------------------start reload all---------------------------
2018/12/01 15:27:20 [Log:] 头部不全：0  数据不全0   拼接次数 0  成功0    标识错误0   -- 服务器状态：所有连接数量：0  所有包不全缓存大小:0 
2018/12/01 15:27:25 [Log:] 头部不全：0  数据不全0   拼接次数 0  成功0    标识错误0   -- 服务器状态：所有连接数量：0  所有包不全缓存大小:0 
2018/12/01 15:27:25 [Log:] ------------------start reload all---------------------------
2018/12/01 15:27:30 [Log:] 头部不全：0  数据不全0   拼接次数 0  成功0    标识错误0   -- 服务器状态：所有连接数量：5  所有包不全缓存大小:0 
2018/12/01 15:27:35 [Log:] ------------------start reload all---------------------------
2018/12/01 15:27:35 [Log:] 头部不全：0  数据不全0   拼接次数 0  成功0    标识错误0   -- 服务器状态：所有连接数量：5  所有包不全缓存大小:0 
2018/12/01 15:27:40 [Log:] 头部不全：0  数据不全0   拼接次数 0  成功0    标识错误0   -- 服务器状态：所有连接数量：5  所有包不全缓存大小:0 
2018/12/01 15:27:45 [Log:] ------------------start reload all---------------------------
2018/12/01 15:27:45 [Log:] 头部不全：0  数据不全0   拼接次数 0  成功0    标识错误0   -- 服务器状态：所有连接数量：5  所有包不全缓存大小:0 
2018/12/01 15:27:50 [Log:] 头部不全：0  数据不全0   拼接次数 0  成功0    标识错误0   -- 服务器状态：所有连接数量：5  所有包不全缓存大小:0 
2018/12/01 15:27:55 [Log:] 头部不全：0  数据不全0   拼接次数 0  成功0    标识错误0   -- 服务器状态：所有连接数量：0  所有包不全缓存大小:0 
2018/12/01 15:27:55 [Log:] ------------------start reload all---------------------------
